Flow report for Processor_phase1
Wed Oct 21 09:46:26 2020
Quartus Prime Version 16.1.0 Build 196 10/24/2016 SJ Lite Edition


---------------------
; Table of Contents ;
---------------------
  1. Legal Notice
  2. Flow Summary
  3. Flow Settings
  4. Flow Non-Default Global Settings
  5. Flow Elapsed Time
  6. Flow OS Summary
  7. Flow Log
  8. Flow Messages
  9. Flow Suppressed Messages



----------------
; Legal Notice ;
----------------
Copyright (C) 2016  Intel Corporation. All rights reserved.
Your use of Intel Corporation's design tools, logic functions 
and other software and tools, and its AMPP partner logic 
functions, and any output files from any of the foregoing 
(including device programming or simulation files), and any 
associated documentation or information are expressly subject 
to the terms and conditions of the Intel Program License 
Subscription Agreement, the Intel Quartus Prime License Agreement,
the Intel MegaCore Function License Agreement, or other 
applicable license agreement, including, without limitation, 
that your use is for the sole purpose of programming logic 
devices manufactured by Intel and sold by Intel or its 
authorized distributors.  Please refer to the applicable 
agreement for further details.



+----------------------------------------------------------------------------------+
; Flow Summary                                                                     ;
+------------------------------------+---------------------------------------------+
; Flow Status                        ; Successful - Wed Oct 21 09:46:19 2020       ;
; Quartus Prime Version              ; 16.1.0 Build 196 10/24/2016 SJ Lite Edition ;
; Revision Name                      ; Processor_phase1                            ;
; Top-level Entity Name              ; phase_4                                     ;
; Family                             ; Cyclone IV E                                ;
; Device                             ; EP4CE115F29C7                               ;
; Timing Models                      ; Final                                       ;
; Total logic elements               ; 23 / 114,480 ( < 1 % )                      ;
;     Total combinational functions  ; 11 / 114,480 ( < 1 % )                      ;
;     Dedicated logic registers      ; 18 / 114,480 ( < 1 % )                      ;
; Total registers                    ; 18                                          ;
; Total pins                         ; 26 / 529 ( 5 % )                            ;
; Total virtual pins                 ; 0                                           ;
; Total memory bits                  ; 0 / 3,981,312 ( 0 % )                       ;
; Embedded Multiplier 9-bit elements ; 0 / 532 ( 0 % )                             ;
; Total PLLs                         ; 0 / 4 ( 0 % )                               ;
+------------------------------------+---------------------------------------------+


+-----------------------------------------+
; Flow Settings                           ;
+-------------------+---------------------+
; Option            ; Setting             ;
+-------------------+---------------------+
; Start date & time ; 10/21/2020 09:45:34 ;
; Main task         ; Compilation         ;
; Revision Name     ; Processor_phase1    ;
+-------------------+---------------------+


+----------------------------------------------------------------------------------------------------------------------------+
; Flow Non-Default Global Settings                                                                                           ;
+-------------------------------------+----------------------------------------+------------------+-------------+------------+
; Assignment Name                     ; Value                                  ; Default Value    ; Entity Name ; Section Id ;
+-------------------------------------+----------------------------------------+------------------+-------------+------------+
; COMPILER_SIGNATURE_ID               ; 38923010049.160325373413840            ; --               ; --          ; --         ;
; MAX_CORE_JUNCTION_TEMP              ; 85                                     ; --               ; --          ; --         ;
; MIN_CORE_JUNCTION_TEMP              ; 0                                      ; --               ; --          ; --         ;
; PARTITION_COLOR                     ; -- (Not supported for targeted family) ; --               ; phase_4     ; Top        ;
; PARTITION_FITTER_PRESERVATION_LEVEL ; -- (Not supported for targeted family) ; --               ; phase_4     ; Top        ;
; PARTITION_NETLIST_TYPE              ; -- (Not supported for targeted family) ; --               ; phase_4     ; Top        ;
; POWER_BOARD_THERMAL_MODEL           ; None (CONSERVATIVE)                    ; --               ; --          ; --         ;
; POWER_PRESET_COOLING_SOLUTION       ; 23 MM HEAT SINK WITH 200 LFPM AIRFLOW  ; --               ; --          ; --         ;
; PROJECT_OUTPUT_DIRECTORY            ; output_files                           ; --               ; --          ; --         ;
; TOP_LEVEL_ENTITY                    ; phase_4                                ; Processor_phase1 ; --          ; --         ;
+-------------------------------------+----------------------------------------+------------------+-------------+------------+


+-------------------------------------------------------------------------------------------------------------------------------+
; Flow Elapsed Time                                                                                                             ;
+---------------------------+--------------+-------------------------+---------------------+------------------------------------+
; Module Name               ; Elapsed Time ; Average Processors Used ; Peak Virtual Memory ; Total CPU Time (on all processors) ;
+---------------------------+--------------+-------------------------+---------------------+------------------------------------+
; Analysis & Synthesis      ; 00:00:19     ; 1.0                     ; 4738 MB             ; 00:00:40                           ;
; Fitter                    ; 00:00:19     ; 1.0                     ; 5421 MB             ; 00:00:22                           ;
; Assembler                 ; 00:00:03     ; 1.0                     ; 4685 MB             ; 00:00:03                           ;
; TimeQuest Timing Analyzer ; 00:00:03     ; 1.0                     ; 4817 MB             ; 00:00:02                           ;
; Total                     ; 00:00:44     ; --                      ; --                  ; 00:01:07                           ;
+---------------------------+--------------+-------------------------+---------------------+------------------------------------+


+-----------------------------------------------------------------------------------------+
; Flow OS Summary                                                                         ;
+---------------------------+------------------+------------+------------+----------------+
; Module Name               ; Machine Hostname ; OS Name    ; OS Version ; Processor type ;
+---------------------------+------------------+------------+------------+----------------+
; Analysis & Synthesis      ; DESKTOP07Q69LV   ; Windows 10 ; 10.0       ; x86_64         ;
; Fitter                    ; DESKTOP07Q69LV   ; Windows 10 ; 10.0       ; x86_64         ;
; Assembler                 ; DESKTOP07Q69LV   ; Windows 10 ; 10.0       ; x86_64         ;
; TimeQuest Timing Analyzer ; DESKTOP07Q69LV   ; Windows 10 ; 10.0       ; x86_64         ;
+---------------------------+------------------+------------+------------+----------------+


------------
; Flow Log ;
------------
quartus_map --read_settings_files=on --write_settings_files=off Processor_phase1 -c Processor_phase1
quartus_fit --read_settings_files=off --write_settings_files=off Processor_phase1 -c Processor_phase1
quartus_asm --read_settings_files=off --write_settings_files=off Processor_phase1 -c Processor_phase1
quartus_sta Processor_phase1 -c Processor_phase1



