Analysis & Synthesis report for Processor_phase1
Wed Oct 21 09:45:53 2020
Quartus Prime Version 16.1.0 Build 196 10/24/2016 SJ Lite Edition


---------------------
; Table of Contents ;
---------------------
  1. Legal Notice
  2. Analysis & Synthesis Summary
  3. Analysis & Synthesis Settings
  4. Parallel Compilation
  5. Analysis & Synthesis Source Files Read
  6. Analysis & Synthesis Resource Usage Summary
  7. Analysis & Synthesis Resource Utilization by Entity
  8. Registers Removed During Synthesis
  9. Removed Registers Triggering Further Register Optimizations
 10. General Register Statistics
 11. Multiplexer Restructuring Statistics (Restructuring Performed)
 12. Port Connectivity Checks: "reg_type1_8bit:reg_DR"
 13. Port Connectivity Checks: "BUS:A_bus"
 14. Port Connectivity Checks: "memory:IRAM"
 15. Port Connectivity Checks: "reg_type3_16bit:PC"
 16. Post-Synthesis Netlist Statistics for Top Partition
 17. Elapsed Time Per Partition
 18. Analysis & Synthesis Messages
 19. Analysis & Synthesis Suppressed Messages



----------------
; Legal Notice ;
----------------
Copyright (C) 2016  Intel Corporation. All rights reserved.
Your use of Intel Corporation's design tools, logic functions 
and other software and tools, and its AMPP partner logic 
functions, and any output files from any of the foregoing 
(including device programming or simulation files), and any 
associated documentation or information are expressly subject 
to the terms and conditions of the Intel Program License 
Subscription Agreement, the Intel Quartus Prime License Agreement,
the Intel MegaCore Function License Agreement, or other 
applicable license agreement, including, without limitation, 
that your use is for the sole purpose of programming logic 
devices manufactured by Intel and sold by Intel or its 
authorized distributors.  Please refer to the applicable 
agreement for further details.



+----------------------------------------------------------------------------------+
; Analysis & Synthesis Summary                                                     ;
+------------------------------------+---------------------------------------------+
; Analysis & Synthesis Status        ; Successful - Wed Oct 21 09:45:53 2020       ;
; Quartus Prime Version              ; 16.1.0 Build 196 10/24/2016 SJ Lite Edition ;
; Revision Name                      ; Processor_phase1                            ;
; Top-level Entity Name              ; phase_4                                     ;
; Family                             ; Cyclone IV E                                ;
; Total logic elements               ; 23                                          ;
;     Total combinational functions  ; 11                                          ;
;     Dedicated logic registers      ; 18                                          ;
; Total registers                    ; 18                                          ;
; Total pins                         ; 26                                          ;
; Total virtual pins                 ; 0                                           ;
; Total memory bits                  ; 0                                           ;
; Embedded Multiplier 9-bit elements ; 0                                           ;
; Total PLLs                         ; 0                                           ;
+------------------------------------+---------------------------------------------+


+----------------------------------------------------------------------------------------------------------------------+
; Analysis & Synthesis Settings                                                                                        ;
+----------------------------------------------------------------------------+--------------------+--------------------+
; Option                                                                     ; Setting            ; Default Value      ;
+----------------------------------------------------------------------------+--------------------+--------------------+
; Device                                                                     ; EP4CE115F29C7      ;                    ;
; Top-level entity name                                                      ; phase_4            ; Processor_phase1   ;
; Family name                                                                ; Cyclone IV E       ; Cyclone V          ;
; Use smart compilation                                                      ; Off                ; Off                ;
; Enable parallel Assembler and TimeQuest Timing Analyzer during compilation ; On                 ; On                 ;
; Enable compact report table                                                ; Off                ; Off                ;
; Restructure Multiplexers                                                   ; Auto               ; Auto               ;
; Create Debugging Nodes for IP Cores                                        ; Off                ; Off                ;
; Preserve fewer node names                                                  ; On                 ; On                 ;
; OpenCore Plus hardware evaluation                                          ; Enable             ; Enable             ;
; Verilog Version                                                            ; Verilog_2001       ; Verilog_2001       ;
; VHDL Version                                                               ; VHDL_1993          ; VHDL_1993          ;
; State Machine Processing                                                   ; Auto               ; Auto               ;
; Safe State Machine                                                         ; Off                ; Off                ;
; Extract Verilog State Machines                                             ; On                 ; On                 ;
; Extract VHDL State Machines                                                ; On                 ; On                 ;
; Ignore Verilog initial constructs                                          ; Off                ; Off                ;
; Iteration limit for constant Verilog loops                                 ; 5000               ; 5000               ;
; Iteration limit for non-constant Verilog loops                             ; 250                ; 250                ;
; Add Pass-Through Logic to Inferred RAMs                                    ; On                 ; On                 ;
; Infer RAMs from Raw Logic                                                  ; On                 ; On                 ;
; Parallel Synthesis                                                         ; On                 ; On                 ;
; DSP Block Balancing                                                        ; Auto               ; Auto               ;
; NOT Gate Push-Back                                                         ; On                 ; On                 ;
; Power-Up Don't Care                                                        ; On                 ; On                 ;
; Remove Redundant Logic Cells                                               ; Off                ; Off                ;
; Remove Duplicate Registers                                                 ; On                 ; On                 ;
; Ignore CARRY Buffers                                                       ; Off                ; Off                ;
; Ignore CASCADE Buffers                                                     ; Off                ; Off                ;
; Ignore GLOBAL Buffers                                                      ; Off                ; Off                ;
; Ignore ROW GLOBAL Buffers                                                  ; Off                ; Off                ;
; Ignore LCELL Buffers                                                       ; Off                ; Off                ;
; Ignore SOFT Buffers                                                        ; On                 ; On                 ;
; Limit AHDL Integers to 32 Bits                                             ; Off                ; Off                ;
; Optimization Technique                                                     ; Balanced           ; Balanced           ;
; Carry Chain Length                                                         ; 70                 ; 70                 ;
; Auto Carry Chains                                                          ; On                 ; On                 ;
; Auto Open-Drain Pins                                                       ; On                 ; On                 ;
; Perform WYSIWYG Primitive Resynthesis                                      ; Off                ; Off                ;
; Auto ROM Replacement                                                       ; On                 ; On                 ;
; Auto RAM Replacement                                                       ; On                 ; On                 ;
; Auto DSP Block Replacement                                                 ; On                 ; On                 ;
; Auto Shift Register Replacement                                            ; Auto               ; Auto               ;
; Allow Shift Register Merging across Hierarchies                            ; Auto               ; Auto               ;
; Auto Clock Enable Replacement                                              ; On                 ; On                 ;
; Strict RAM Replacement                                                     ; Off                ; Off                ;
; Allow Synchronous Control Signals                                          ; On                 ; On                 ;
; Force Use of Synchronous Clear Signals                                     ; Off                ; Off                ;
; Auto RAM Block Balancing                                                   ; On                 ; On                 ;
; Auto RAM to Logic Cell Conversion                                          ; Off                ; Off                ;
; Auto Resource Sharing                                                      ; Off                ; Off                ;
; Allow Any RAM Size For Recognition                                         ; Off                ; Off                ;
; Allow Any ROM Size For Recognition                                         ; Off                ; Off                ;
; Allow Any Shift Register Size For Recognition                              ; Off                ; Off                ;
; Use LogicLock Constraints during Resource Balancing                        ; On                 ; On                 ;
; Ignore translate_off and synthesis_off directives                          ; Off                ; Off                ;
; Timing-Driven Synthesis                                                    ; On                 ; On                 ;
; Report Parameter Settings                                                  ; On                 ; On                 ;
; Report Source Assignments                                                  ; On                 ; On                 ;
; Report Connectivity Checks                                                 ; On                 ; On                 ;
; Ignore Maximum Fan-Out Assignments                                         ; Off                ; Off                ;
; Synchronization Register Chain Length                                      ; 2                  ; 2                  ;
; PowerPlay Power Optimization During Synthesis                              ; Normal compilation ; Normal compilation ;
; HDL message level                                                          ; Level2             ; Level2             ;
; Suppress Register Optimization Related Messages                            ; Off                ; Off                ;
; Number of Removed Registers Reported in Synthesis Report                   ; 5000               ; 5000               ;
; Number of Swept Nodes Reported in Synthesis Report                         ; 5000               ; 5000               ;
; Number of Inverted Registers Reported in Synthesis Report                  ; 100                ; 100                ;
; Clock MUX Protection                                                       ; On                 ; On                 ;
; Auto Gated Clock Conversion                                                ; Off                ; Off                ;
; Block Design Naming                                                        ; Auto               ; Auto               ;
; SDC constraint protection                                                  ; Off                ; Off                ;
; Synthesis Effort                                                           ; Auto               ; Auto               ;
; Shift Register Replacement - Allow Asynchronous Clear Signal               ; On                 ; On                 ;
; Pre-Mapping Resynthesis Optimization                                       ; Off                ; Off                ;
; Analysis & Synthesis Message Level                                         ; Medium             ; Medium             ;
; Disable Register Merging Across Hierarchies                                ; Auto               ; Auto               ;
; Resource Aware Inference For Block RAM                                     ; On                 ; On                 ;
+----------------------------------------------------------------------------+--------------------+--------------------+


+------------------------------------------+
; Parallel Compilation                     ;
+----------------------------+-------------+
; Processors                 ; Number      ;
+----------------------------+-------------+
; Number detected on machine ; 4           ;
; Maximum allowed            ; 2           ;
;                            ;             ;
; Average used               ; 1.00        ;
; Maximum used               ; 2           ;
;                            ;             ;
; Usage by Processor         ; % Time Used ;
;     Processor 1            ; 100.0%      ;
;     Processor 2            ;   0.0%      ;
+----------------------------+-------------+


+--------------------------------------------------------------------------------------------------------------------------------------------------------------------------------+
; Analysis & Synthesis Source Files Read                                                                                                                                         ;
+----------------------------------+-----------------+------------------------+----------------------------------------------------------------------------------------+---------+
; File Name with User-Entered Path ; Used in Netlist ; File Type              ; File Name with Absolute Path                                                           ; Library ;
+----------------------------------+-----------------+------------------------+----------------------------------------------------------------------------------------+---------+
; phase_4.v                        ; yes             ; User Verilog HDL File  ; C:/Users/Sachi/Documents/Quartus PROCESSOR modules/Processor Phase 1/phase_4.v         ;         ;
; BUS.v                            ; yes             ; User Verilog HDL File  ; C:/Users/Sachi/Documents/Quartus PROCESSOR modules/Processor Phase 1/BUS.v             ;         ;
; reg_type3_16bit.v                ; yes             ; User Verilog HDL File  ; C:/Users/Sachi/Documents/Quartus PROCESSOR modules/Processor Phase 1/reg_type3_16bit.v ;         ;
; reg_type1_8bit.v                 ; yes             ; User Verilog HDL File  ; C:/Users/Sachi/Documents/Quartus PROCESSOR modules/Processor Phase 1/reg_type1_8bit.v  ;         ;
; memory.v                         ; yes             ; User Verilog HDL File  ; C:/Users/Sachi/Documents/Quartus PROCESSOR modules/Processor Phase 1/memory.v          ;         ;
+----------------------------------+-----------------+------------------------+----------------------------------------------------------------------------------------+---------+


+---------------------------------------------------------+
; Analysis & Synthesis Resource Usage Summary             ;
+---------------------------------------------+-----------+
; Resource                                    ; Usage     ;
+---------------------------------------------+-----------+
; Estimated Total logic elements              ; 23        ;
;                                             ;           ;
; Total combinational functions               ; 11        ;
; Logic element usage by number of LUT inputs ;           ;
;     -- 4 input functions                    ; 6         ;
;     -- 3 input functions                    ; 1         ;
;     -- <=2 input functions                  ; 4         ;
;                                             ;           ;
; Logic elements by mode                      ;           ;
;     -- normal mode                          ; 8         ;
;     -- arithmetic mode                      ; 3         ;
;                                             ;           ;
; Total registers                             ; 18        ;
;     -- Dedicated logic registers            ; 18        ;
;     -- I/O registers                        ; 0         ;
;                                             ;           ;
; I/O pins                                    ; 26        ;
;                                             ;           ;
; Embedded Multiplier 9-bit elements          ; 0         ;
;                                             ;           ;
; Maximum fan-out node                        ; clk~input ;
; Maximum fan-out                             ; 18        ;
; Total fan-out                               ; 114       ;
; Average fan-out                             ; 1.41      ;
+---------------------------------------------+-----------+


+-------------------------------------------------------------------------------------------------------------------------------------------------------------------------------------------------------------------------+
; Analysis & Synthesis Resource Utilization by Entity                                                                                                                                                                     ;
+----------------------------+---------------------+---------------------------+-------------+--------------+---------+-----------+------+--------------+--------------------------------+-----------------+--------------+
; Compilation Hierarchy Node ; Combinational ALUTs ; Dedicated Logic Registers ; Memory Bits ; DSP Elements ; DSP 9x9 ; DSP 18x18 ; Pins ; Virtual Pins ; Full Hierarchy Name            ; Entity Name     ; Library Name ;
+----------------------------+---------------------+---------------------------+-------------+--------------+---------+-----------+------+--------------+--------------------------------+-----------------+--------------+
; |phase_4                   ; 11 (0)              ; 18 (10)                   ; 0           ; 0            ; 0       ; 0         ; 26   ; 0            ; |phase_4                       ; phase_4         ; work         ;
;    |memory:IRAM|           ; 2 (2)               ; 2 (2)                     ; 0           ; 0            ; 0       ; 0         ; 0    ; 0            ; |phase_4|memory:IRAM           ; memory          ; work         ;
;    |reg_type1_8bit:reg_DR| ; 0 (0)               ; 2 (2)                     ; 0           ; 0            ; 0       ; 0         ; 0    ; 0            ; |phase_4|reg_type1_8bit:reg_DR ; reg_type1_8bit  ; work         ;
;    |reg_type3_16bit:PC|    ; 9 (9)               ; 4 (4)                     ; 0           ; 0            ; 0       ; 0         ; 0    ; 0            ; |phase_4|reg_type3_16bit:PC    ; reg_type3_16bit ; work         ;
+----------------------------+---------------------+---------------------------+-------------+--------------+---------+-----------+------+--------------+--------------------------------+-----------------+--------------+
Note: For table entries with two numbers listed, the numbers in parentheses indicate the number of resources of the given type used by the specific entity alone. The numbers listed outside of parentheses indicate the total resources of the given type used by the specific entity and all of its sub-entities in the hierarchy.


+---------------------------------------------------------------------------------+
; Registers Removed During Synthesis                                              ;
+----------------------------------------+----------------------------------------+
; Register name                          ; Reason for Removal                     ;
+----------------------------------------+----------------------------------------+
; memory:IRAM|dataout[2,3]               ; Stuck at GND due to stuck port data_in ;
; bus_out[2]~reg0                        ; Stuck at GND due to stuck port data_in ;
; bus_out[3]~reg0                        ; Stuck at GND due to stuck port data_in ;
; dataout[2]~reg0                        ; Stuck at GND due to stuck port data_in ;
; dataout[3]~reg0                        ; Stuck at GND due to stuck port data_in ;
; reg_type1_8bit:reg_DR|dataout[2,3]     ; Stuck at GND due to stuck port data_in ;
; DR_out[2]~reg0                         ; Stuck at GND due to stuck port data_in ;
; DR_out[3]~reg0                         ; Stuck at GND due to stuck port data_in ;
; reg_type3_16bit:PC|dataout[4..15]      ; Lost fanout                            ;
; Total Number of Removed Registers = 22 ;                                        ;
+----------------------------------------+----------------------------------------+


+-------------------------------------------------------------------------------------------------------------------------------------------------+
; Removed Registers Triggering Further Register Optimizations                                                                                     ;
+--------------------------------+---------------------------+------------------------------------------------------------------------------------+
; Register name                  ; Reason for Removal        ; Registers Removed due to This Register                                             ;
+--------------------------------+---------------------------+------------------------------------------------------------------------------------+
; reg_type3_16bit:PC|dataout[15] ; Lost Fanouts              ; reg_type3_16bit:PC|dataout[14], reg_type3_16bit:PC|dataout[13],                    ;
;                                ;                           ; reg_type3_16bit:PC|dataout[12], reg_type3_16bit:PC|dataout[11],                    ;
;                                ;                           ; reg_type3_16bit:PC|dataout[10], reg_type3_16bit:PC|dataout[9],                     ;
;                                ;                           ; reg_type3_16bit:PC|dataout[8], reg_type3_16bit:PC|dataout[7],                      ;
;                                ;                           ; reg_type3_16bit:PC|dataout[6], reg_type3_16bit:PC|dataout[5],                      ;
;                                ;                           ; reg_type3_16bit:PC|dataout[4]                                                      ;
; memory:IRAM|dataout[2]         ; Stuck at GND              ; bus_out[2]~reg0, dataout[2]~reg0, reg_type1_8bit:reg_DR|dataout[2], DR_out[2]~reg0 ;
;                                ; due to stuck port data_in ;                                                                                    ;
; memory:IRAM|dataout[3]         ; Stuck at GND              ; bus_out[3]~reg0, dataout[3]~reg0, reg_type1_8bit:reg_DR|dataout[3], DR_out[3]~reg0 ;
;                                ; due to stuck port data_in ;                                                                                    ;
+--------------------------------+---------------------------+------------------------------------------------------------------------------------+


+------------------------------------------------------+
; General Register Statistics                          ;
+----------------------------------------------+-------+
; Statistic                                    ; Value ;
+----------------------------------------------+-------+
; Total registers                              ; 18    ;
; Number of registers using Synchronous Clear  ; 0     ;
; Number of registers using Synchronous Load   ; 0     ;
; Number of registers using Asynchronous Clear ; 0     ;
; Number of registers using Asynchronous Load  ; 0     ;
; Number of registers using Clock Enable       ; 8     ;
; Number of registers using Preset             ; 0     ;
+----------------------------------------------+-------+


+-------------------------------------------------------------------------------------------------------------------------------------------------------+
; Multiplexer Restructuring Statistics (Restructuring Performed)                                                                                        ;
+--------------------+-----------+---------------+----------------------+------------------------+------------+-----------------------------------------+
; Multiplexer Inputs ; Bus Width ; Baseline Area ; Area if Restructured ; Saving if Restructured ; Registered ; Example Multiplexer Output              ;
+--------------------+-----------+---------------+----------------------+------------------------+------------+-----------------------------------------+
; 4:1                ; 12 bits   ; 24 LEs        ; 12 LEs               ; 12 LEs                 ; Yes        ; |phase_4|reg_type3_16bit:PC|dataout[15] ;
; 4:1                ; 4 bits    ; 8 LEs         ; 8 LEs                ; 0 LEs                  ; Yes        ; |phase_4|reg_type3_16bit:PC|dataout[0]  ;
+--------------------+-----------+---------------+----------------------+------------------------+------------+-----------------------------------------+


+-----------------------------------------------------------------------------------------------------------------------------------------------------------------------------------------------------------------+
; Port Connectivity Checks: "reg_type1_8bit:reg_DR"                                                                                                                                                               ;
+---------+--------+----------+-----------------------------------------------------------------------------------------------------------------------------------------------------------------------------------+
; Port    ; Type   ; Severity ; Details                                                                                                                                                                           ;
+---------+--------+----------+-----------------------------------------------------------------------------------------------------------------------------------------------------------------------------------+
; datain  ; Input  ; Warning  ; Input port expression (16 bits) is wider than the input port (8 bits) it drives.  The 8 most-significant bit(s) in the expression will be dangling if they have no other fanouts. ;
; dataout ; Output ; Warning  ; Output or bidir port (8 bits) is wider than the port expression (4 bits) it drives; bit(s) "dataout[7..4]" have no fanouts                                                        ;
+---------+--------+----------+-----------------------------------------------------------------------------------------------------------------------------------------------------------------------------------+


+--------------------------------------------------------------------------------------------------------------------------------------------------------------------------------------------------------------------------+
; Port Connectivity Checks: "BUS:A_bus"                                                                                                                                                                                    ;
+----------------+--------+----------+-------------------------------------------------------------------------------------------------------------------------------------------------------------------------------------+
; Port           ; Type   ; Severity ; Details                                                                                                                                                                             ;
+----------------+--------+----------+-------------------------------------------------------------------------------------------------------------------------------------------------------------------------------------+
; WTA            ; Input  ; Warning  ; Input port expression (32 bits) is wider than the input port (16 bits) it drives.  The 16 most-significant bit(s) in the expression will be dangling if they have no other fanouts. ;
; WTA[15..0]     ; Input  ; Info     ; Stuck at GND                                                                                                                                                                        ;
; PC             ; Input  ; Warning  ; Input port expression (32 bits) is wider than the input port (16 bits) it drives.  The 16 most-significant bit(s) in the expression will be dangling if they have no other fanouts. ;
; PC[15..0]      ; Input  ; Info     ; Stuck at GND                                                                                                                                                                        ;
; IR             ; Input  ; Warning  ; Input port expression (32 bits) is wider than the input port (16 bits) it drives.  The 16 most-significant bit(s) in the expression will be dangling if they have no other fanouts. ;
; IR[15..0]      ; Input  ; Info     ; Stuck at GND                                                                                                                                                                        ;
; AR             ; Input  ; Warning  ; Input port expression (32 bits) is wider than the input port (16 bits) it drives.  The 16 most-significant bit(s) in the expression will be dangling if they have no other fanouts. ;
; AR[15..0]      ; Input  ; Info     ; Stuck at GND                                                                                                                                                                        ;
; DR             ; Input  ; Warning  ; Input port expression (32 bits) is wider than the input port (16 bits) it drives.  The 16 most-significant bit(s) in the expression will be dangling if they have no other fanouts. ;
; DR[15..0]      ; Input  ; Info     ; Stuck at GND                                                                                                                                                                        ;
; TR             ; Input  ; Warning  ; Input port expression (32 bits) is wider than the input port (8 bits) it drives.  The 24 most-significant bit(s) in the expression will be dangling if they have no other fanouts.  ;
; TR[7..0]       ; Input  ; Info     ; Stuck at GND                                                                                                                                                                        ;
; IRAM           ; Input  ; Warning  ; Input port expression (8 bits) is smaller than the input port (16 bits) it drives.  Extra input bit(s) "IRAM[15..8]" will be connected to GND.                                      ;
; BUS_OUT[15..8] ; Output ; Info     ; Connected to dangling logic. Logic that only feeds a dangling port will be removed.                                                                                                 ;
+----------------+--------+----------+-------------------------------------------------------------------------------------------------------------------------------------------------------------------------------------+


+-----------------------------------------------------------------------------------------------------------------------------------------------------------------------------------------------------------------------+
; Port Connectivity Checks: "memory:IRAM"                                                                                                                                                                               ;
+--------------+--------+----------+------------------------------------------------------------------------------------------------------------------------------------------------------------------------------------+
; Port         ; Type   ; Severity ; Details                                                                                                                                                                            ;
+--------------+--------+----------+------------------------------------------------------------------------------------------------------------------------------------------------------------------------------------+
; datain       ; Input  ; Warning  ; Input port expression (32 bits) is wider than the input port (4 bits) it drives.  The 28 most-significant bit(s) in the expression will be dangling if they have no other fanouts. ;
; datain[3..0] ; Input  ; Info     ; Stuck at GND                                                                                                                                                                       ;
; dataout      ; Output ; Warning  ; Output or bidir port (4 bits) is smaller than the port expression (8 bits) it drives.  The 4 most-significant bit(s) in the port expression will be connected to GND.              ;
+--------------+--------+----------+------------------------------------------------------------------------------------------------------------------------------------------------------------------------------------+


+--------------------------------------------------------------------------------------------------------------------------------------------------------------------------------+
; Port Connectivity Checks: "reg_type3_16bit:PC"                                                                                                                                 ;
+---------+--------+----------+--------------------------------------------------------------------------------------------------------------------------------------------------+
; Port    ; Type   ; Severity ; Details                                                                                                                                          ;
+---------+--------+----------+--------------------------------------------------------------------------------------------------------------------------------------------------+
; datain  ; Input  ; Warning  ; Input port expression (4 bits) is smaller than the input port (16 bits) it drives.  Extra input bit(s) "datain[15..4]" will be connected to GND. ;
; dataout ; Output ; Warning  ; Output or bidir port (16 bits) is wider than the port expression (4 bits) it drives; bit(s) "dataout[15..4]" have no fanouts                     ;
+---------+--------+----------+--------------------------------------------------------------------------------------------------------------------------------------------------+


+-----------------------------------------------------+
; Post-Synthesis Netlist Statistics for Top Partition ;
+-----------------------+-----------------------------+
; Type                  ; Count                       ;
+-----------------------+-----------------------------+
; boundary_port         ; 26                          ;
; cycloneiii_ff         ; 18                          ;
;     ENA               ; 8                           ;
;     plain             ; 10                          ;
; cycloneiii_lcell_comb ; 12                          ;
;     arith             ; 3                           ;
;         2 data inputs ; 3                           ;
;     normal            ; 9                           ;
;         0 data inputs ; 1                           ;
;         1 data inputs ; 1                           ;
;         3 data inputs ; 1                           ;
;         4 data inputs ; 6                           ;
;                       ;                             ;
; Max LUT depth         ; 2.30                        ;
; Average LUT depth     ; 0.99                        ;
+-----------------------+-----------------------------+


+-------------------------------+
; Elapsed Time Per Partition    ;
+----------------+--------------+
; Partition Name ; Elapsed Time ;
+----------------+--------------+
; Top            ; 00:00:00     ;
+----------------+--------------+


+-------------------------------+
; Analysis & Synthesis Messages ;
+-------------------------------+
Info: *******************************************************************
Info: Running Quartus Prime Analysis & Synthesis
    Info: Version 16.1.0 Build 196 10/24/2016 SJ Lite Edition
    Info: Processing started: Wed Oct 21 09:45:33 2020
Info: Command: quartus_map --read_settings_files=on --write_settings_files=off Processor_phase1 -c Processor_phase1
Warning (18236): Number of processors has not been specified which may cause overloading on shared machines.  Set the global assignment NUM_PARALLEL_PROCESSORS in your QSF to an appropriate value for best performance.
Info (20030): Parallel compilation is enabled and will use 2 of the 2 processors detected
Info (12021): Found 1 design units, including 1 entities, in source file phase_4.v
    Info (12023): Found entity 1: phase_4 File: C:/Users/Sachi/Documents/Quartus PROCESSOR modules/Processor Phase 1/phase_4.v Line: 1
Info (12021): Found 1 design units, including 1 entities, in source file phase_2.v
    Info (12023): Found entity 1: phase_2 File: C:/Users/Sachi/Documents/Quartus PROCESSOR modules/Processor Phase 1/phase_2.v Line: 3
Info (12021): Found 1 design units, including 1 entities, in source file clock_test_clock_divider.v
    Info (12023): Found entity 1: clock_test_Clock_divider File: C:/Users/Sachi/Documents/Quartus PROCESSOR modules/Processor Phase 1/clock_test_Clock_divider.v Line: 6
Info (12021): Found 1 design units, including 1 entities, in source file bus.v
    Info (12023): Found entity 1: BUS File: C:/Users/Sachi/Documents/Quartus PROCESSOR modules/Processor Phase 1/BUS.v Line: 1
Info (12021): Found 1 design units, including 1 entities, in source file reg_z.v
    Info (12023): Found entity 1: reg_z File: C:/Users/Sachi/Documents/Quartus PROCESSOR modules/Processor Phase 1/reg_z.v Line: 1
Info (12021): Found 1 design units, including 1 entities, in source file read_buffer_8bit.v
    Info (12023): Found entity 1: read_buffer_8bit File: C:/Users/Sachi/Documents/Quartus PROCESSOR modules/Processor Phase 1/read_buffer_8bit.v Line: 1
Info (12021): Found 1 design units, including 1 entities, in source file read_buffer_16bit.v
    Info (12023): Found entity 1: read_buffer_16bit File: C:/Users/Sachi/Documents/Quartus PROCESSOR modules/Processor Phase 1/read_buffer_16bit.v Line: 1
Info (12021): Found 1 design units, including 1 entities, in source file wtr_decoder.v
    Info (12023): Found entity 1: WTR_Decoder File: C:/Users/Sachi/Documents/Quartus PROCESSOR modules/Processor Phase 1/WTR_Decoder.v Line: 1
Info (12021): Found 1 design units, including 1 entities, in source file wta_mux.v
    Info (12023): Found entity 1: WTA_mux File: C:/Users/Sachi/Documents/Quartus PROCESSOR modules/Processor Phase 1/WTA_mux.v Line: 1
Info (12021): Found 1 design units, including 1 entities, in source file rst_decoder.v
    Info (12023): Found entity 1: RST_Decoder File: C:/Users/Sachi/Documents/Quartus PROCESSOR modules/Processor Phase 1/RST_Decoder.v Line: 1
Info (12021): Found 1 design units, including 1 entities, in source file opr_demux.v
    Info (12023): Found entity 1: OPR_demux File: C:/Users/Sachi/Documents/Quartus PROCESSOR modules/Processor Phase 1/OPR_demux.v Line: 1
Info (12021): Found 1 design units, including 1 entities, in source file inc_decoder.v
    Info (12023): Found entity 1: INC_Decoder File: C:/Users/Sachi/Documents/Quartus PROCESSOR modules/Processor Phase 1/INC_Decoder.v Line: 1
Info (12021): Found 1 design units, including 1 entities, in source file alu.v
    Info (12023): Found entity 1: alu File: C:/Users/Sachi/Documents/Quartus PROCESSOR modules/Processor Phase 1/alu.v Line: 1
Info (12021): Found 1 design units, including 1 entities, in source file reg_type3_8bit.v
    Info (12023): Found entity 1: reg_type3_8bit File: C:/Users/Sachi/Documents/Quartus PROCESSOR modules/Processor Phase 1/reg_type3_8bit.v Line: 1
Info (12021): Found 1 design units, including 1 entities, in source file reg_type3_16bit.v
    Info (12023): Found entity 1: reg_type3_16bit File: C:/Users/Sachi/Documents/Quartus PROCESSOR modules/Processor Phase 1/reg_type3_16bit.v Line: 1
Info (12021): Found 1 design units, including 1 entities, in source file reg_type2_16bit.v
    Info (12023): Found entity 1: reg_type2_16bit File: C:/Users/Sachi/Documents/Quartus PROCESSOR modules/Processor Phase 1/reg_type2_16bit.v Line: 1
Info (12021): Found 1 design units, including 1 entities, in source file reg_type1_8bit.v
    Info (12023): Found entity 1: reg_type1_8bit File: C:/Users/Sachi/Documents/Quartus PROCESSOR modules/Processor Phase 1/reg_type1_8bit.v Line: 1
Info (12021): Found 1 design units, including 1 entities, in source file reg_type1_16bit.v
    Info (12023): Found entity 1: reg_type1_16bit File: C:/Users/Sachi/Documents/Quartus PROCESSOR modules/Processor Phase 1/reg_type1_16bit.v Line: 1
Info (12021): Found 1 design units, including 1 entities, in source file reg_sum.v
    Info (12023): Found entity 1: reg_SUM File: C:/Users/Sachi/Documents/Quartus PROCESSOR modules/Processor Phase 1/reg_SUM.v Line: 1
Info (12021): Found 1 design units, including 1 entities, in source file reg_ac.v
    Info (12023): Found entity 1: reg_ac File: C:/Users/Sachi/Documents/Quartus PROCESSOR modules/Processor Phase 1/reg_ac.v Line: 1
Info (12021): Found 1 design units, including 1 entities, in source file reg_type3_16bit_test.v
    Info (12023): Found entity 1: reg_type3_16bit_test File: C:/Users/Sachi/Documents/Quartus PROCESSOR modules/Processor Phase 1/reg_type3_16bit_test.v Line: 1
Info (12021): Found 1 design units, including 1 entities, in source file phase1.v
    Info (12023): Found entity 1: phase1 File: C:/Users/Sachi/Documents/Quartus PROCESSOR modules/Processor Phase 1/phase1.v Line: 1
Info (12021): Found 1 design units, including 1 entities, in source file alu_test.v
    Info (12023): Found entity 1: alu_test File: C:/Users/Sachi/Documents/Quartus PROCESSOR modules/Processor Phase 1/alu_test.v Line: 1
Info (12021): Found 1 design units, including 1 entities, in source file memory.v
    Info (12023): Found entity 1: memory File: C:/Users/Sachi/Documents/Quartus PROCESSOR modules/Processor Phase 1/memory.v Line: 1
Info (12127): Elaborating entity "phase_4" for the top level hierarchy
Warning (10230): Verilog HDL assignment warning at phase_4.v(21): truncated value with size 8 to match size of target (4) File: C:/Users/Sachi/Documents/Quartus PROCESSOR modules/Processor Phase 1/phase_4.v Line: 21
Warning (10230): Verilog HDL assignment warning at phase_4.v(22): truncated value with size 16 to match size of target (4) File: C:/Users/Sachi/Documents/Quartus PROCESSOR modules/Processor Phase 1/phase_4.v Line: 22
Info (12128): Elaborating entity "reg_type3_16bit" for hierarchy "reg_type3_16bit:PC" File: C:/Users/Sachi/Documents/Quartus PROCESSOR modules/Processor Phase 1/phase_4.v Line: 14
Warning (10230): Verilog HDL assignment warning at reg_type3_16bit.v(18): truncated value with size 32 to match size of target (16) File: C:/Users/Sachi/Documents/Quartus PROCESSOR modules/Processor Phase 1/reg_type3_16bit.v Line: 18
Info (12128): Elaborating entity "memory" for hierarchy "memory:IRAM" File: C:/Users/Sachi/Documents/Quartus PROCESSOR modules/Processor Phase 1/phase_4.v Line: 15
Warning (10230): Verilog HDL assignment warning at memory.v(18): truncated value with size 8 to match size of target (4) File: C:/Users/Sachi/Documents/Quartus PROCESSOR modules/Processor Phase 1/memory.v Line: 18
Warning (10030): Net "ram.data_a" at memory.v(8) has no driver or initial value, using a default initial value '0' File: C:/Users/Sachi/Documents/Quartus PROCESSOR modules/Processor Phase 1/memory.v Line: 8
Warning (10030): Net "ram.waddr_a" at memory.v(8) has no driver or initial value, using a default initial value '0' File: C:/Users/Sachi/Documents/Quartus PROCESSOR modules/Processor Phase 1/memory.v Line: 8
Warning (10030): Net "ram.we_a" at memory.v(8) has no driver or initial value, using a default initial value '0' File: C:/Users/Sachi/Documents/Quartus PROCESSOR modules/Processor Phase 1/memory.v Line: 8
Info (12128): Elaborating entity "BUS" for hierarchy "BUS:A_bus" File: C:/Users/Sachi/Documents/Quartus PROCESSOR modules/Processor Phase 1/phase_4.v Line: 16
Info (12128): Elaborating entity "reg_type1_8bit" for hierarchy "reg_type1_8bit:reg_DR" File: C:/Users/Sachi/Documents/Quartus PROCESSOR modules/Processor Phase 1/phase_4.v Line: 17
Warning (12011): Net is missing source, defaulting to GND
    Warning (12110): Net "memout[7]" is missing source, defaulting to GND File: C:/Users/Sachi/Documents/Quartus PROCESSOR modules/Processor Phase 1/phase_4.v Line: 12
    Warning (12110): Net "memout[6]" is missing source, defaulting to GND File: C:/Users/Sachi/Documents/Quartus PROCESSOR modules/Processor Phase 1/phase_4.v Line: 12
    Warning (12110): Net "memout[5]" is missing source, defaulting to GND File: C:/Users/Sachi/Documents/Quartus PROCESSOR modules/Processor Phase 1/phase_4.v Line: 12
    Warning (12110): Net "memout[4]" is missing source, defaulting to GND File: C:/Users/Sachi/Documents/Quartus PROCESSOR modules/Processor Phase 1/phase_4.v Line: 12
Warning (12011): Net is missing source, defaulting to GND
    Warning (12110): Net "memout[7]" is missing source, defaulting to GND File: C:/Users/Sachi/Documents/Quartus PROCESSOR modules/Processor Phase 1/phase_4.v Line: 12
    Warning (12110): Net "memout[6]" is missing source, defaulting to GND File: C:/Users/Sachi/Documents/Quartus PROCESSOR modules/Processor Phase 1/phase_4.v Line: 12
    Warning (12110): Net "memout[5]" is missing source, defaulting to GND File: C:/Users/Sachi/Documents/Quartus PROCESSOR modules/Processor Phase 1/phase_4.v Line: 12
    Warning (12110): Net "memout[4]" is missing source, defaulting to GND File: C:/Users/Sachi/Documents/Quartus PROCESSOR modules/Processor Phase 1/phase_4.v Line: 12
Info (276014): Found 1 instances of uninferred RAM logic
    Info (276004): RAM logic "memory:IRAM|ram" is uninferred due to inappropriate RAM size File: C:/Users/Sachi/Documents/Quartus PROCESSOR modules/Processor Phase 1/memory.v Line: 8
Critical Warning (127005): Memory depth (64) in the design file differs from memory depth (61) in the Memory Initialization File "C:/Users/Sachi/Documents/Quartus PROCESSOR modules/Processor Phase 1/db/Processor_phase1.ram0_memory_e411fb78.hdl.mif" -- setting initial value for remaining addresses to 0
Warning (127007): Memory Initialization File or Hexadecimal (Intel-Format) File "C:/Users/Sachi/Documents/Quartus PROCESSOR modules/Processor Phase 1/db/Processor_phase1.ram0_memory_e411fb78.hdl.mif" contains "don't care" values -- overwriting them with 0s
Warning (12241): 4 hierarchies have connectivity warnings - see the Connectivity Checks report folder
Warning (13024): Output pins are stuck at VCC or GND
    Warning (13410): Pin "DR_out[2]" is stuck at GND File: C:/Users/Sachi/Documents/Quartus PROCESSOR modules/Processor Phase 1/phase_4.v Line: 19
    Warning (13410): Pin "DR_out[3]" is stuck at GND File: C:/Users/Sachi/Documents/Quartus PROCESSOR modules/Processor Phase 1/phase_4.v Line: 19
    Warning (13410): Pin "bus_out[2]" is stuck at GND File: C:/Users/Sachi/Documents/Quartus PROCESSOR modules/Processor Phase 1/phase_4.v Line: 19
    Warning (13410): Pin "bus_out[3]" is stuck at GND File: C:/Users/Sachi/Documents/Quartus PROCESSOR modules/Processor Phase 1/phase_4.v Line: 19
    Warning (13410): Pin "dataout[2]" is stuck at GND File: C:/Users/Sachi/Documents/Quartus PROCESSOR modules/Processor Phase 1/phase_4.v Line: 19
    Warning (13410): Pin "dataout[3]" is stuck at GND File: C:/Users/Sachi/Documents/Quartus PROCESSOR modules/Processor Phase 1/phase_4.v Line: 19
Info (286030): Timing-Driven Synthesis is running
Info (17049): 12 registers lost all their fanouts during netlist optimizations.
Info (144001): Generated suppressed messages file C:/Users/Sachi/Documents/Quartus PROCESSOR modules/Processor Phase 1/output_files/Processor_phase1.map.smsg
Info (16010): Generating hard_block partition "hard_block:auto_generated_inst"
    Info (16011): Adding 0 node(s), including 0 DDIO, 0 PLL, 0 transceiver and 0 LCELL
Info (21057): Implemented 49 device resources after synthesis - the final resource count might be different
    Info (21058): Implemented 10 input pins
    Info (21059): Implemented 16 output pins
    Info (21061): Implemented 23 logic cells
Info: Quartus Prime Analysis & Synthesis was successful. 0 errors, 28 warnings
    Info: Peak virtual memory: 4747 megabytes
    Info: Processing ended: Wed Oct 21 09:45:53 2020
    Info: Elapsed time: 00:00:20
    Info: Total CPU time (on all processors): 00:00:40


+------------------------------------------+
; Analysis & Synthesis Suppressed Messages ;
+------------------------------------------+
The suppressed messages can be found in C:/Users/Sachi/Documents/Quartus PROCESSOR modules/Processor Phase 1/output_files/Processor_phase1.map.smsg.


